  ANTLRErrorListener.cpp
  ANTLRErrorStrategy.cpp
  ANTLRFileStream.cpp
  ANTLRInputStream.cpp
  AbstractPredicateTransition.cpp
  ActionTransition.cpp
  AmbiguityInfo.cpp
  ArrayPredictionContext.cpp
  ATN.cpp
  ATNConfig.cpp
  ATNConfigSet.cpp
  ATNDeserializationOptions.cpp
  ATNDeserializer.cpp
  ATNSerializer.cpp
  ATNSimulator.cpp
  ATNState.cpp
  AtomTransition.cpp
  BasicBlockStartState.cpp
  BasicState.cpp
  BlockEndState.cpp
  BlockStartState.cpp
  ContextSensitivityInfo.cpp
  DecisionEventInfo.cpp
  DecisionInfo.cpp
  DecisionState.cpp
  EmptyPredictionContext.cpp
  EpsilonTransition.cpp
  ErrorInfo.cpp
  LexerAction.cpp
  LexerActionExecutor.cpp
  LexerATNConfig.cpp
  LexerATNSimulator.cpp
  LexerChannelAction.cpp
  LexerCustomAction.cpp
  LexerIndexedCustomAction.cpp
  LexerModeAction.cpp
