u:\3rd yr project\remu\antlr\obj\x86\debug static\antlr4cpp-vs2019\abstractpredicatetransition.obj
u:\3rd yr project\remu\antlr\obj\x86\debug static\antlr4cpp-vs2019\atnconfig.obj
u:\3rd yr project\remu\antlr\obj\x86\debug static\antlr4cpp-vs2019\basicblockstartstate.obj
u:\3rd yr project\remu\antlr\obj\x86\debug static\antlr4cpp-vs2019\emptypredictioncontext.obj
u:\3rd yr project\remu\antlr\obj\x86\debug static\antlr4cpp-vs2019\lexermodeaction.obj
u:\3rd yr project\remu\antlr\obj\x86\debug static\antlr4cpp-vs2019\ll1analyzer.obj
u:\3rd yr project\remu\antlr\obj\x86\debug static\antlr4cpp-vs2019\predicatetransition.obj
u:\3rd yr project\remu\antlr\obj\x86\debug static\antlr4cpp-vs2019\ruletransition.obj
u:\3rd yr project\remu\antlr\obj\x86\debug static\antlr4cpp-vs2019\transition.obj
u:\3rd yr project\remu\antlr\obj\x86\debug static\antlr4cpp-vs2019\commontokenstream.obj
u:\3rd yr project\remu\antlr\obj\x86\debug static\antlr4cpp-vs2019\exceptions.obj
u:\3rd yr project\remu\antlr\obj\x86\debug static\antlr4cpp-vs2019\intstream.obj
u:\3rd yr project\remu\antlr\obj\x86\debug static\antlr4cpp-vs2019\murmurhash.obj
u:\3rd yr project\remu\antlr\obj\x86\debug static\antlr4cpp-vs2019\proxyerrorlistener.obj
u:\3rd yr project\remu\antlr\obj\x86\debug static\antlr4cpp-vs2019\runtimemetadata.obj
u:\3rd yr project\remu\antlr\obj\x86\debug static\antlr4cpp-vs2019\tokenstream.obj
u:\3rd yr project\remu\antlr\obj\x86\debug static\antlr4cpp-vs2019\parsetreewalker.obj
u:\3rd yr project\remu\antlr\obj\x86\debug static\antlr4cpp-vs2019\tokentagtoken.obj
u:\3rd yr project\remu\antlr\obj\x86\debug static\antlr4cpp-vs2019\xpathruleanywhereelement.obj
u:\3rd yr project\remu\antlr\obj\x86\debug static\antlr4cpp-vs2019\unbufferedcharstream.obj
u:\3rd yr project\remu\antlr\obj\x86\debug static\antlr4cpp-vs2019\antlrfilestream.obj
u:\3rd yr project\remu\antlr\obj\x86\debug static\antlr4cpp-vs2019\atnserializer.obj
u:\3rd yr project\remu\antlr\obj\x86\debug static\antlr4cpp-vs2019\contextsensitivityinfo.obj
u:\3rd yr project\remu\antlr\obj\x86\debug static\antlr4cpp-vs2019\lexeraction.obj
u:\3rd yr project\remu\antlr\obj\x86\debug static\antlr4cpp-vs2019\lexerindexedcustomaction.obj
u:\3rd yr project\remu\antlr\obj\x86\debug static\antlr4cpp-vs2019\loopendstate.obj
u:\3rd yr project\remu\antlr\obj\x86\debug static\antlr4cpp-vs2019\precedencepredicatetransition.obj
u:\3rd yr project\remu\antlr\obj\x86\debug static\antlr4cpp-vs2019\rulestartstate.obj
u:\3rd yr project\remu\antlr\obj\x86\debug static\antlr4cpp-vs2019\singletonpredictioncontext.obj
u:\3rd yr project\remu\antlr\obj\x86\debug static\antlr4cpp-vs2019\commontoken.obj
u:\3rd yr project\remu\antlr\obj\x86\debug static\antlr4cpp-vs2019\lexerdfaserializer.obj
u:\3rd yr project\remu\antlr\obj\x86\debug static\antlr4cpp-vs2019\interpreterrulecontext.obj
u:\3rd yr project\remu\antlr\obj\x86\debug static\antlr4cpp-vs2019\interval.obj
u:\3rd yr project\remu\antlr\obj\x86\debug static\antlr4cpp-vs2019\parserrulecontext.obj
u:\3rd yr project\remu\antlr\obj\x86\debug static\antlr4cpp-vs2019\any.obj
u:\3rd yr project\remu\antlr\obj\x86\debug static\antlr4cpp-vs2019\tokenstreamrewriter.obj
u:\3rd yr project\remu\antlr\obj\x86\debug static\antlr4cpp-vs2019\parsetreepattern.obj
u:\3rd yr project\remu\antlr\obj\x86\debug static\antlr4cpp-vs2019\xpath.obj
u:\3rd yr project\remu\antlr\obj\x86\debug static\antlr4cpp-vs2019\writabletoken.obj
u:\3rd yr project\remu\antlr\obj\x86\debug static\antlr4cpp-vs2019\actiontransition.obj
u:\3rd yr project\remu\antlr\obj\x86\debug static\antlr4cpp-vs2019\atnconfigset.obj
u:\3rd yr project\remu\antlr\obj\x86\debug static\antlr4cpp-vs2019\blockstartstate.obj
u:\3rd yr project\remu\antlr\obj\x86\debug static\antlr4cpp-vs2019\lexeractionexecutor.obj
u:\3rd yr project\remu\antlr\obj\x86\debug static\antlr4cpp-vs2019\lexermoreaction.obj
u:\3rd yr project\remu\antlr\obj\x86\debug static\antlr4cpp-vs2019\notsettransition.obj
u:\3rd yr project\remu\antlr\obj\x86\debug static\antlr4cpp-vs2019\predicateevalinfo.obj
u:\3rd yr project\remu\antlr\obj\x86\debug static\antlr4cpp-vs2019\rulestopstate.obj
u:\3rd yr project\remu\antlr\obj\x86\debug static\antlr4cpp-vs2019\starloopbackstate.obj
u:\3rd yr project\remu\antlr\obj\x86\debug static\antlr4cpp-vs2019\charstream.obj
u:\3rd yr project\remu\antlr\obj\x86\debug static\antlr4cpp-vs2019\dfaserializer.obj
u:\3rd yr project\remu\antlr\obj\x86\debug static\antlr4cpp-vs2019\inputmismatchexception.obj
u:\3rd yr project\remu\antlr\obj\x86\debug static\antlr4cpp-vs2019\interpreterdatareader.obj
u:\3rd yr project\remu\antlr\obj\x86\debug static\antlr4cpp-vs2019\recognitionexception.obj
u:\3rd yr project\remu\antlr\obj\x86\debug static\antlr4cpp-vs2019\arrays.obj
u:\3rd yr project\remu\antlr\obj\x86\debug static\antlr4cpp-vs2019\errornodeimpl.obj
u:\3rd yr project\remu\antlr\obj\x86\debug static\antlr4cpp-vs2019\parsetreematch.obj
u:\3rd yr project\remu\antlr\obj\x86\debug static\antlr4cpp-vs2019\terminalnodeimpl.obj
u:\3rd yr project\remu\antlr\obj\x86\debug static\antlr4cpp-vs2019\xpathtokenanywhereelement.obj
u:\3rd yr project\remu\antlr\obj\x86\debug static\antlr4cpp-vs2019\vocabulary.obj
u:\3rd yr project\remu\antlr\obj\x86\debug static\antlr4cpp-vs2019\arraypredictioncontext.obj
u:\3rd yr project\remu\antlr\obj\x86\debug static\antlr4cpp-vs2019\atnstate.obj
u:\3rd yr project\remu\antlr\obj\x86\debug static\antlr4cpp-vs2019\blockendstate.obj
u:\3rd yr project\remu\antlr\obj\x86\debug static\antlr4cpp-vs2019\lexeratnconfig.obj
u:\3rd yr project\remu\antlr\obj\x86\debug static\antlr4cpp-vs2019\lexerpopmodeaction.obj
u:\3rd yr project\remu\antlr\obj\x86\debug static\antlr4cpp-vs2019\parseinfo.obj
u:\3rd yr project\remu\antlr\obj\x86\debug static\antlr4cpp-vs2019\profilingatnsimulator.obj
u:\3rd yr project\remu\antlr\obj\x86\debug static\antlr4cpp-vs2019\tokensstartstate.obj
u:\3rd yr project\remu\antlr\obj\x86\debug static\antlr4cpp-vs2019\commontokenfactory.obj
u:\3rd yr project\remu\antlr\obj\x86\debug static\antlr4cpp-vs2019\diagnosticerrorlistener.obj
u:\3rd yr project\remu\antlr\obj\x86\debug static\antlr4cpp-vs2019\lexernoviablealtexception.obj
u:\3rd yr project\remu\antlr\obj\x86\debug static\antlr4cpp-vs2019\parser.obj
u:\3rd yr project\remu\antlr\obj\x86\debug static\antlr4cpp-vs2019\guid.obj
u:\3rd yr project\remu\antlr\obj\x86\debug static\antlr4cpp-vs2019\errornode.obj
u:\3rd yr project\remu\antlr\obj\x86\debug static\antlr4cpp-vs2019\chunk.obj
u:\3rd yr project\remu\antlr\obj\x86\debug static\antlr4cpp-vs2019\terminalnode.obj
u:\3rd yr project\remu\antlr\obj\x86\debug static\antlr4cpp-vs2019\xpathruleelement.obj
u:\3rd yr project\remu\antlr\obj\x86\debug static\antlr4cpp-vs2019\unbufferedtokenstream.obj
u:\3rd yr project\remu\antlr\obj\x86\debug static\antlr4cpp-vs2019\ambiguityinfo.obj
u:\3rd yr project\remu\antlr\obj\x86\debug static\antlr4cpp-vs2019\atnsimulator.obj
u:\3rd yr project\remu\antlr\obj\x86\debug static\antlr4cpp-vs2019\decisioneventinfo.obj
u:\3rd yr project\remu\antlr\obj\x86\debug static\antlr4cpp-vs2019\errorinfo.obj
u:\3rd yr project\remu\antlr\obj\x86\debug static\antlr4cpp-vs2019\lexerpushmodeaction.obj
u:\3rd yr project\remu\antlr\obj\x86\debug static\antlr4cpp-vs2019\orderedatnconfigset.obj
u:\3rd yr project\remu\antlr\obj\x86\debug static\antlr4cpp-vs2019\predictioncontext.obj
u:\3rd yr project\remu\antlr\obj\x86\debug static\antlr4cpp-vs2019\starblockstartstate.obj
u:\3rd yr project\remu\antlr\obj\x86\debug static\antlr4cpp-vs2019\baseerrorlistener.obj
u:\3rd yr project\remu\antlr\obj\x86\debug static\antlr4cpp-vs2019\dfa.obj
u:\3rd yr project\remu\antlr\obj\x86\debug static\antlr4cpp-vs2019\lexer.obj
u:\3rd yr project\remu\antlr\obj\x86\debug static\antlr4cpp-vs2019\noviablealtexception.obj
u:\3rd yr project\remu\antlr\obj\x86\debug static\antlr4cpp-vs2019\rulecontextwithaltnum.obj
u:\3rd yr project\remu\antlr\obj\x86\debug static\antlr4cpp-vs2019\tokensource.obj
u:\3rd yr project\remu\antlr\obj\x86\debug static\antlr4cpp-vs2019\parsetreevisitor.obj
u:\3rd yr project\remu\antlr\obj\x86\debug static\antlr4cpp-vs2019\textchunk.obj
u:\3rd yr project\remu\antlr\obj\x86\debug static\antlr4cpp-vs2019\xpathlexer.obj
u:\3rd yr project\remu\antlr\obj\x86\debug static\antlr4cpp-vs2019\antlrerrorstrategy.obj
u:\3rd yr project\remu\antlr\obj\x86\debug static\antlr4cpp-vs2019\atndeserializationoptions.obj
u:\3rd yr project\remu\antlr\obj\x86\debug static\antlr4cpp-vs2019\atomtransition.obj
u:\3rd yr project\remu\antlr\obj\x86\debug static\antlr4cpp-vs2019\decisionstate.obj
u:\3rd yr project\remu\antlr\obj\x86\debug static\antlr4cpp-vs2019\lexerchannelaction.obj
u:\3rd yr project\remu\antlr\obj\x86\debug static\antlr4cpp-vs2019\lexerskipaction.obj
u:\3rd yr project\remu\antlr\obj\x86\debug static\antlr4cpp-vs2019\parseratnsimulator.obj
u:\3rd yr project\remu\antlr\obj\x86\debug static\antlr4cpp-vs2019\semanticcontext.obj
u:\3rd yr project\remu\antlr\obj\x86\debug static\antlr4cpp-vs2019\wildcardtransition.obj
u:\3rd yr project\remu\antlr\obj\x86\debug static\antlr4cpp-vs2019\consoleerrorlistener.obj
u:\3rd yr project\remu\antlr\obj\x86\debug static\antlr4cpp-vs2019\failedpredicateexception.obj
u:\3rd yr project\remu\antlr\obj\x86\debug static\antlr4cpp-vs2019\intervalset.obj
u:\3rd yr project\remu\antlr\obj\x86\debug static\antlr4cpp-vs2019\recognizer.obj
u:\3rd yr project\remu\antlr\obj\x86\debug static\antlr4cpp-vs2019\token.obj
u:\3rd yr project\remu\antlr\obj\x86\debug static\antlr4cpp-vs2019\parsetreelistener.obj
u:\3rd yr project\remu\antlr\obj\x86\debug static\antlr4cpp-vs2019\tagchunk.obj
u:\3rd yr project\remu\antlr\obj\x86\debug static\antlr4cpp-vs2019\xpathelement.obj
u:\3rd yr project\remu\antlr\obj\x86\debug static\antlr4cpp-vs2019\xpathtokenelement.obj
u:\3rd yr project\remu\antlr\obj\x86\debug static\antlr4cpp-vs2019\antlrerrorlistener.obj
u:\3rd yr project\remu\antlr\obj\x86\debug static\antlr4cpp-vs2019\atn.obj
u:\3rd yr project\remu\antlr\obj\x86\debug static\antlr4cpp-vs2019\basicstate.obj
u:\3rd yr project\remu\antlr\obj\x86\debug static\antlr4cpp-vs2019\epsilontransition.obj
u:\3rd yr project\remu\antlr\obj\x86\debug static\antlr4cpp-vs2019\lexercustomaction.obj
u:\3rd yr project\remu\antlr\obj\x86\debug static\antlr4cpp-vs2019\lookaheadeventinfo.obj
u:\3rd yr project\remu\antlr\obj\x86\debug static\antlr4cpp-vs2019\plusloopbackstate.obj
u:\3rd yr project\remu\antlr\obj\x86\debug static\antlr4cpp-vs2019\rangetransition.obj
u:\3rd yr project\remu\antlr\obj\x86\debug static\antlr4cpp-vs2019\settransition.obj
u:\3rd yr project\remu\antlr\obj\x86\debug static\antlr4cpp-vs2019\bailerrorstrategy.obj
u:\3rd yr project\remu\antlr\obj\x86\debug static\antlr4cpp-vs2019\defaulterrorstrategy.obj
u:\3rd yr project\remu\antlr\obj\x86\debug static\antlr4cpp-vs2019\lexerinterpreter.obj
u:\3rd yr project\remu\antlr\obj\x86\debug static\antlr4cpp-vs2019\parserinterpreter.obj
u:\3rd yr project\remu\antlr\obj\x86\debug static\antlr4cpp-vs2019\cpputils.obj
u:\3rd yr project\remu\antlr\obj\x86\debug static\antlr4cpp-vs2019\iterativeparsetreewalker.obj
u:\3rd yr project\remu\antlr\obj\x86\debug static\antlr4cpp-vs2019\parsetreepatternmatcher.obj
u:\3rd yr project\remu\antlr\obj\x86\debug static\antlr4cpp-vs2019\xpathlexererrorlistener.obj
u:\3rd yr project\remu\antlr\obj\x86\debug static\antlr4cpp-vs2019\xpathwildcardelement.obj
u:\3rd yr project\remu\antlr\obj\x86\debug static\antlr4cpp-vs2019\antlrinputstream.obj
u:\3rd yr project\remu\antlr\obj\x86\debug static\antlr4cpp-vs2019\atndeserializer.obj
u:\3rd yr project\remu\antlr\obj\x86\debug static\antlr4cpp-vs2019\decisioninfo.obj
u:\3rd yr project\remu\antlr\obj\x86\debug static\antlr4cpp-vs2019\lexeratnsimulator.obj
u:\3rd yr project\remu\antlr\obj\x86\debug static\antlr4cpp-vs2019\lexertypeaction.obj
u:\3rd yr project\remu\antlr\obj\x86\debug static\antlr4cpp-vs2019\plusblockstartstate.obj
u:\3rd yr project\remu\antlr\obj\x86\debug static\antlr4cpp-vs2019\predictionmode.obj
u:\3rd yr project\remu\antlr\obj\x86\debug static\antlr4cpp-vs2019\starloopentrystate.obj
u:\3rd yr project\remu\antlr\obj\x86\debug static\antlr4cpp-vs2019\bufferedtokenstream.obj
u:\3rd yr project\remu\antlr\obj\x86\debug static\antlr4cpp-vs2019\dfastate.obj
u:\3rd yr project\remu\antlr\obj\x86\debug static\antlr4cpp-vs2019\listtokensource.obj
u:\3rd yr project\remu\antlr\obj\x86\debug static\antlr4cpp-vs2019\predicate.obj
u:\3rd yr project\remu\antlr\obj\x86\debug static\antlr4cpp-vs2019\rulecontext.obj
u:\3rd yr project\remu\antlr\obj\x86\debug static\antlr4cpp-vs2019\stringutils.obj
u:\3rd yr project\remu\antlr\obj\x86\debug static\antlr4cpp-vs2019\parsetree.obj
u:\3rd yr project\remu\antlr\obj\x86\debug static\antlr4cpp-vs2019\ruletagtoken.obj
u:\3rd yr project\remu\antlr\obj\x86\debug static\antlr4cpp-vs2019\trees.obj
u:\3rd yr project\remu\antlr\obj\x86\debug static\antlr4cpp-vs2019\xpathwildcardanywhereelement.obj
u:\3rd yr project\remu\antlr\bin\vs-2019\x86\debug static\antlr4-runtime.pdb
u:\3rd yr project\remu\antlr\bin\vs-2019\x86\debug static\antlr4-runtime.lib
u:\3rd yr project\remu\antlr\obj\x86\debug static\antlr4cpp-vs2019\antlr4cpp-vs2019.tlog\cl.10764.write.1.tlog
u:\3rd yr project\remu\antlr\obj\x86\debug static\antlr4cpp-vs2019\antlr4cpp-vs2019.tlog\cl.command.1.tlog
u:\3rd yr project\remu\antlr\obj\x86\debug static\antlr4cpp-vs2019\antlr4cpp-vs2019.tlog\cl.read.1.tlog
u:\3rd yr project\remu\antlr\obj\x86\debug static\antlr4cpp-vs2019\antlr4cpp-vs2019.tlog\lib-link.read.1.tlog
u:\3rd yr project\remu\antlr\obj\x86\debug static\antlr4cpp-vs2019\antlr4cpp-vs2019.tlog\lib-link.write.1.tlog
u:\3rd yr project\remu\antlr\obj\x86\debug static\antlr4cpp-vs2019\antlr4cpp-vs2019.tlog\lib.command.1.tlog
